Start testing: Feb 03 06:33 MST
----------------------------------------------------------
Unable to find executable: iegenlib_t
1/1 Testing: iegenlib_unit_test
1/1 Test: iegenlib_unit_test
Command: ""
Directory: /home/KALYANBHETWAL/HyPe-DSL/IEGenLib/build/src
"iegenlib_unit_test" start time: 
Output:
----------------------------------------------------------
<end of output>
Test time =   0.00 sec
----------------------------------------------------------
Test Passed.
"iegenlib_unit_test" end time: Feb 03 06:33 MST
"iegenlib_unit_test" time elapsed: 00:00:00
----------------------------------------------------------

End testing: Feb 03 06:33 MST
